2018-02-03 21:23:58,812 INFO RPC interface 'supervisor' initialized
2018-02-03 21:23:58,812 CRIT Server 'inet_http_server' running without any HTTP authentication checking
2018-02-03 21:23:58,814 INFO daemonizing the supervisord process
2018-02-03 21:23:58,815 INFO supervisord started with pid 17370
2018-02-03 21:23:59,818 INFO spawned: 'api_three' with pid 17376
2018-02-03 21:23:59,820 INFO spawned: 'api_one' with pid 17377
2018-02-03 21:23:59,824 INFO spawned: 'api_two' with pid 17378
2018-02-03 21:23:59,828 INFO spawned: 'api_four' with pid 17379
2018-02-03 21:24:00,840 INFO success: api_three entered RUNNING state, process has stayed up for > than 1 seconds (startsecs)
2018-02-03 21:24:00,840 INFO success: api_one entered RUNNING state, process has stayed up for > than 1 seconds (startsecs)
2018-02-03 21:24:00,840 INFO success: api_two entered RUNNING state, process has stayed up for > than 1 seconds (startsecs)
2018-02-03 21:24:00,840 INFO success: api_four entered RUNNING state, process has stayed up for > than 1 seconds (startsecs)
2018-02-03 21:24:23,289 INFO waiting for api_three, api_one, api_two, api_four to die
2018-02-03 21:24:23,290 INFO stopped: api_four (terminated by SIGTERM)
2018-02-03 21:24:23,291 INFO stopped: api_two (terminated by SIGTERM)
2018-02-03 21:24:23,292 INFO stopped: api_one (terminated by SIGTERM)
2018-02-03 21:24:23,292 INFO stopped: api_three (terminated by SIGTERM)
2018-02-03 21:24:46,268 INFO RPC interface 'supervisor' initialized
2018-02-03 21:24:46,268 CRIT Server 'inet_http_server' running without any HTTP authentication checking
2018-02-03 21:24:46,270 INFO daemonizing the supervisord process
2018-02-03 21:24:46,271 INFO supervisord started with pid 17408
2018-02-03 21:24:47,274 INFO spawned: 'api_three' with pid 17414
2018-02-03 21:24:47,276 INFO spawned: 'api_one' with pid 17415
2018-02-03 21:24:47,280 INFO spawned: 'api_two' with pid 17416
2018-02-03 21:24:47,283 INFO spawned: 'api_four' with pid 17417
2018-02-03 21:24:48,296 INFO success: api_three entered RUNNING state, process has stayed up for > than 1 seconds (startsecs)
2018-02-03 21:24:48,296 INFO success: api_one entered RUNNING state, process has stayed up for > than 1 seconds (startsecs)
2018-02-03 21:24:48,297 INFO success: api_two entered RUNNING state, process has stayed up for > than 1 seconds (startsecs)
2018-02-03 21:24:48,297 INFO success: api_four entered RUNNING state, process has stayed up for > than 1 seconds (startsecs)
2018-02-03 21:25:07,505 INFO waiting for api_three, api_one, api_two, api_four to die
2018-02-03 21:25:07,506 INFO stopped: api_four (terminated by SIGTERM)
2018-02-03 21:25:07,506 INFO stopped: api_two (terminated by SIGTERM)
2018-02-03 21:25:07,507 INFO stopped: api_one (terminated by SIGTERM)
2018-02-03 21:25:07,508 INFO stopped: api_three (terminated by SIGTERM)
2018-02-03 21:25:21,102 INFO RPC interface 'supervisor' initialized
2018-02-03 21:25:21,102 CRIT Server 'inet_http_server' running without any HTTP authentication checking
2018-02-03 21:25:21,104 INFO daemonizing the supervisord process
2018-02-03 21:25:21,105 INFO supervisord started with pid 17446
2018-02-03 21:25:22,108 INFO spawned: 'api_three' with pid 17453
2018-02-03 21:25:22,111 INFO spawned: 'api_one' with pid 17454
2018-02-03 21:25:22,115 INFO spawned: 'api_two' with pid 17455
2018-02-03 21:25:22,118 INFO spawned: 'api_four' with pid 17456
2018-02-03 21:25:23,131 INFO success: api_three entered RUNNING state, process has stayed up for > than 1 seconds (startsecs)
2018-02-03 21:25:23,132 INFO success: api_one entered RUNNING state, process has stayed up for > than 1 seconds (startsecs)
2018-02-03 21:25:23,132 INFO success: api_two entered RUNNING state, process has stayed up for > than 1 seconds (startsecs)
2018-02-03 21:25:23,133 INFO success: api_four entered RUNNING state, process has stayed up for > than 1 seconds (startsecs)
2018-02-03 21:26:43,838 INFO waiting for api_three, api_one, api_two, api_four to die
2018-02-03 21:26:43,839 INFO stopped: api_four (terminated by SIGTERM)
2018-02-03 21:26:43,840 INFO stopped: api_two (terminated by SIGTERM)
2018-02-03 21:26:43,841 INFO stopped: api_one (terminated by SIGTERM)
2018-02-03 21:26:43,841 INFO stopped: api_three (terminated by SIGTERM)
2018-02-03 21:26:57,315 INFO RPC interface 'supervisor' initialized
2018-02-03 21:26:57,316 CRIT Server 'inet_http_server' running without any HTTP authentication checking
2018-02-03 21:26:57,317 INFO daemonizing the supervisord process
2018-02-03 21:26:57,319 INFO supervisord started with pid 17525
2018-02-03 21:26:58,321 INFO spawned: 'api_three' with pid 17532
2018-02-03 21:26:58,324 INFO spawned: 'api_one' with pid 17533
2018-02-03 21:26:58,327 INFO spawned: 'api_two' with pid 17534
2018-02-03 21:26:58,331 INFO spawned: 'api_four' with pid 17535
2018-02-03 21:26:59,345 INFO success: api_three entered RUNNING state, process has stayed up for > than 1 seconds (startsecs)
2018-02-03 21:26:59,345 INFO success: api_one entered RUNNING state, process has stayed up for > than 1 seconds (startsecs)
2018-02-03 21:26:59,346 INFO success: api_two entered RUNNING state, process has stayed up for > than 1 seconds (startsecs)
2018-02-03 21:26:59,346 INFO success: api_four entered RUNNING state, process has stayed up for > than 1 seconds (startsecs)
2018-02-03 21:34:19,189 INFO waiting for api_three, api_one, api_two, api_four to die
2018-02-03 21:34:19,190 INFO stopped: api_four (terminated by SIGTERM)
2018-02-03 21:34:19,191 INFO stopped: api_two (terminated by SIGTERM)
2018-02-03 21:34:19,192 INFO stopped: api_one (terminated by SIGTERM)
2018-02-03 21:34:19,192 INFO stopped: api_three (terminated by SIGTERM)
2018-02-03 21:35:10,150 INFO RPC interface 'supervisor' initialized
2018-02-03 21:35:10,150 CRIT Server 'inet_http_server' running without any HTTP authentication checking
2018-02-03 21:35:10,152 INFO daemonizing the supervisord process
2018-02-03 21:35:10,153 INFO supervisord started with pid 18148
2018-02-03 21:35:11,156 INFO spawned: 'api_three' with pid 18155
2018-02-03 21:35:11,159 INFO spawned: 'api_one' with pid 18156
2018-02-03 21:35:11,162 INFO spawned: 'api_two' with pid 18157
2018-02-03 21:35:11,165 INFO spawned: 'api_four' with pid 18158
2018-02-03 21:35:12,181 INFO success: api_three entered RUNNING state, process has stayed up for > than 1 seconds (startsecs)
2018-02-03 21:35:12,181 INFO success: api_one entered RUNNING state, process has stayed up for > than 1 seconds (startsecs)
2018-02-03 21:35:12,182 INFO success: api_two entered RUNNING state, process has stayed up for > than 1 seconds (startsecs)
2018-02-03 21:35:12,182 INFO success: api_four entered RUNNING state, process has stayed up for > than 1 seconds (startsecs)
2018-02-03 21:35:37,516 INFO waiting for api_three, api_one, api_two, api_four to die
2018-02-03 21:35:37,516 INFO stopped: api_four (terminated by SIGTERM)
2018-02-03 21:35:37,517 INFO stopped: api_two (terminated by SIGTERM)
2018-02-03 21:35:37,518 INFO stopped: api_one (terminated by SIGTERM)
2018-02-03 21:35:37,518 INFO stopped: api_three (terminated by SIGTERM)
2018-02-03 21:36:51,598 INFO RPC interface 'supervisor' initialized
2018-02-03 21:36:51,598 CRIT Server 'inet_http_server' running without any HTTP authentication checking
2018-02-03 21:36:51,600 INFO daemonizing the supervisord process
2018-02-03 21:36:51,601 INFO supervisord started with pid 18204
2018-02-03 21:36:52,605 INFO spawned: 'api_three' with pid 18211
2018-02-03 21:36:52,608 INFO spawned: 'api_one' with pid 18212
2018-02-03 21:36:52,611 INFO spawned: 'api_two' with pid 18213
2018-02-03 21:36:52,614 INFO spawned: 'api_four' with pid 18214
2018-02-03 21:36:53,626 INFO success: api_three entered RUNNING state, process has stayed up for > than 1 seconds (startsecs)
2018-02-03 21:36:53,627 INFO success: api_one entered RUNNING state, process has stayed up for > than 1 seconds (startsecs)
2018-02-03 21:36:53,627 INFO success: api_two entered RUNNING state, process has stayed up for > than 1 seconds (startsecs)
2018-02-03 21:36:53,627 INFO success: api_four entered RUNNING state, process has stayed up for > than 1 seconds (startsecs)
2018-02-03 21:39:04,801 INFO waiting for api_three, api_one, api_two, api_four to die
2018-02-03 21:39:04,802 INFO stopped: api_four (terminated by SIGTERM)
2018-02-03 21:39:04,803 INFO stopped: api_two (terminated by SIGTERM)
2018-02-03 21:39:04,803 INFO stopped: api_one (terminated by SIGTERM)
2018-02-03 21:39:04,804 INFO stopped: api_three (terminated by SIGTERM)
2018-02-03 21:39:29,632 INFO RPC interface 'supervisor' initialized
2018-02-03 21:39:29,632 CRIT Server 'inet_http_server' running without any HTTP authentication checking
2018-02-03 21:39:29,634 INFO daemonizing the supervisord process
2018-02-03 21:39:29,635 INFO supervisord started with pid 18354
2018-02-03 21:39:30,638 INFO spawned: 'api_three' with pid 18361
2018-02-03 21:39:30,641 INFO spawned: 'api_one' with pid 18362
2018-02-03 21:39:30,644 INFO spawned: 'api_two' with pid 18363
2018-02-03 21:39:30,648 INFO spawned: 'api_four' with pid 18364
2018-02-03 21:39:31,661 INFO success: api_three entered RUNNING state, process has stayed up for > than 1 seconds (startsecs)
2018-02-03 21:39:31,661 INFO success: api_one entered RUNNING state, process has stayed up for > than 1 seconds (startsecs)
2018-02-03 21:39:31,662 INFO success: api_two entered RUNNING state, process has stayed up for > than 1 seconds (startsecs)
2018-02-03 21:39:31,662 INFO success: api_four entered RUNNING state, process has stayed up for > than 1 seconds (startsecs)
2018-02-03 21:42:02,571 INFO waiting for api_three, api_one, api_two, api_four to die
2018-02-03 21:42:02,571 INFO stopped: api_four (terminated by SIGTERM)
2018-02-03 21:42:02,572 INFO stopped: api_two (terminated by SIGTERM)
2018-02-03 21:42:02,573 INFO stopped: api_one (terminated by SIGTERM)
2018-02-03 21:42:02,574 INFO stopped: api_three (terminated by SIGTERM)
2018-02-03 21:42:19,236 INFO RPC interface 'supervisor' initialized
2018-02-03 21:42:19,237 CRIT Server 'inet_http_server' running without any HTTP authentication checking
2018-02-03 21:42:19,238 INFO daemonizing the supervisord process
2018-02-03 21:42:19,240 INFO supervisord started with pid 18416
2018-02-03 21:42:20,243 INFO spawned: 'api_three' with pid 18423
2018-02-03 21:42:20,245 INFO spawned: 'api_one' with pid 18424
2018-02-03 21:42:20,248 INFO spawned: 'api_two' with pid 18425
2018-02-03 21:42:20,251 INFO spawned: 'api_four' with pid 18426
2018-02-03 21:42:21,263 INFO success: api_three entered RUNNING state, process has stayed up for > than 1 seconds (startsecs)
2018-02-03 21:42:21,264 INFO success: api_one entered RUNNING state, process has stayed up for > than 1 seconds (startsecs)
2018-02-03 21:42:21,264 INFO success: api_two entered RUNNING state, process has stayed up for > than 1 seconds (startsecs)
2018-02-03 21:42:21,265 INFO success: api_four entered RUNNING state, process has stayed up for > than 1 seconds (startsecs)
2018-02-03 21:43:41,207 INFO waiting for api_three, api_one, api_two, api_four to die
2018-02-03 21:43:41,208 INFO stopped: api_four (terminated by SIGTERM)
2018-02-03 21:43:41,209 INFO stopped: api_two (terminated by SIGTERM)
2018-02-03 21:43:41,209 INFO stopped: api_one (terminated by SIGTERM)
2018-02-03 21:43:41,210 INFO stopped: api_three (terminated by SIGTERM)
2018-02-03 21:43:57,427 INFO RPC interface 'supervisor' initialized
2018-02-03 21:43:57,427 CRIT Server 'inet_http_server' running without any HTTP authentication checking
2018-02-03 21:43:57,429 INFO daemonizing the supervisord process
2018-02-03 21:43:57,430 INFO supervisord started with pid 18504
2018-02-03 21:43:58,433 INFO spawned: 'api_three' with pid 18511
2018-02-03 21:43:58,436 INFO spawned: 'api_one' with pid 18512
2018-02-03 21:43:58,441 INFO spawned: 'api_two' with pid 18513
2018-02-03 21:43:58,444 INFO spawned: 'api_four' with pid 18515
2018-02-03 21:43:59,455 INFO success: api_three entered RUNNING state, process has stayed up for > than 1 seconds (startsecs)
2018-02-03 21:43:59,455 INFO success: api_one entered RUNNING state, process has stayed up for > than 1 seconds (startsecs)
2018-02-03 21:43:59,455 INFO success: api_two entered RUNNING state, process has stayed up for > than 1 seconds (startsecs)
2018-02-03 21:43:59,456 INFO success: api_four entered RUNNING state, process has stayed up for > than 1 seconds (startsecs)
2018-02-03 21:44:59,756 INFO waiting for api_three, api_one, api_two, api_four to die
2018-02-03 21:44:59,756 INFO stopped: api_four (terminated by SIGTERM)
2018-02-03 21:44:59,757 INFO stopped: api_two (terminated by SIGTERM)
2018-02-03 21:44:59,757 INFO stopped: api_one (terminated by SIGTERM)
2018-02-03 21:44:59,758 INFO stopped: api_three (terminated by SIGTERM)
2018-02-03 21:45:14,317 INFO RPC interface 'supervisor' initialized
2018-02-03 21:45:14,317 CRIT Server 'inet_http_server' running without any HTTP authentication checking
2018-02-03 21:45:14,319 INFO daemonizing the supervisord process
2018-02-03 21:45:14,320 INFO supervisord started with pid 18565
2018-02-03 21:45:15,323 INFO spawned: 'api_three' with pid 18572
2018-02-03 21:45:15,326 INFO spawned: 'api_one' with pid 18573
2018-02-03 21:45:15,329 INFO spawned: 'api_two' with pid 18574
2018-02-03 21:45:15,333 INFO spawned: 'api_four' with pid 18575
2018-02-03 21:45:16,346 INFO success: api_three entered RUNNING state, process has stayed up for > than 1 seconds (startsecs)
2018-02-03 21:45:16,347 INFO success: api_one entered RUNNING state, process has stayed up for > than 1 seconds (startsecs)
2018-02-03 21:45:16,347 INFO success: api_two entered RUNNING state, process has stayed up for > than 1 seconds (startsecs)
2018-02-03 21:45:16,348 INFO success: api_four entered RUNNING state, process has stayed up for > than 1 seconds (startsecs)
2018-02-03 21:46:14,836 INFO waiting for api_three, api_one, api_two, api_four to die
2018-02-03 21:46:14,837 INFO stopped: api_four (terminated by SIGTERM)
2018-02-03 21:46:14,838 INFO stopped: api_two (terminated by SIGTERM)
2018-02-03 21:46:14,839 INFO stopped: api_one (terminated by SIGTERM)
2018-02-03 21:46:14,840 INFO stopped: api_three (terminated by SIGTERM)
2018-02-03 21:49:02,245 INFO RPC interface 'supervisor' initialized
2018-02-03 21:49:02,245 CRIT Server 'inet_http_server' running without any HTTP authentication checking
2018-02-03 21:49:02,247 INFO daemonizing the supervisord process
2018-02-03 21:49:02,248 INFO supervisord started with pid 18868
2018-02-03 21:49:03,251 INFO spawned: 'api_three' with pid 18875
2018-02-03 21:49:03,254 INFO spawned: 'api_one' with pid 18876
2018-02-03 21:49:03,257 INFO spawned: 'api_two' with pid 18877
2018-02-03 21:49:03,261 INFO spawned: 'api_four' with pid 18878
2018-02-03 21:49:04,274 INFO success: api_three entered RUNNING state, process has stayed up for > than 1 seconds (startsecs)
2018-02-03 21:49:04,275 INFO success: api_one entered RUNNING state, process has stayed up for > than 1 seconds (startsecs)
2018-02-03 21:49:04,275 INFO success: api_two entered RUNNING state, process has stayed up for > than 1 seconds (startsecs)
2018-02-03 21:49:04,275 INFO success: api_four entered RUNNING state, process has stayed up for > than 1 seconds (startsecs)
2018-02-03 21:49:09,919 INFO waiting for api_three, api_one, api_two, api_four to die
2018-02-03 21:49:09,919 INFO stopped: api_four (terminated by SIGTERM)
2018-02-03 21:49:09,920 INFO stopped: api_two (terminated by SIGTERM)
2018-02-03 21:49:09,921 INFO stopped: api_one (terminated by SIGTERM)
2018-02-03 21:49:09,922 INFO stopped: api_three (terminated by SIGTERM)
2018-02-03 21:49:22,176 INFO RPC interface 'supervisor' initialized
2018-02-03 21:49:22,176 CRIT Server 'inet_http_server' running without any HTTP authentication checking
2018-02-03 21:49:22,177 INFO daemonizing the supervisord process
2018-02-03 21:49:22,179 INFO supervisord started with pid 18903
2018-02-03 21:49:23,182 INFO spawned: 'api_three' with pid 18910
2018-02-03 21:49:23,184 INFO spawned: 'api_one' with pid 18911
2018-02-03 21:49:23,187 INFO spawned: 'api_two' with pid 18912
2018-02-03 21:49:23,191 INFO spawned: 'api_four' with pid 18913
2018-02-03 21:49:24,201 INFO success: api_three entered RUNNING state, process has stayed up for > than 1 seconds (startsecs)
2018-02-03 21:49:24,202 INFO success: api_one entered RUNNING state, process has stayed up for > than 1 seconds (startsecs)
2018-02-03 21:49:24,203 INFO success: api_two entered RUNNING state, process has stayed up for > than 1 seconds (startsecs)
2018-02-03 21:49:24,203 INFO success: api_four entered RUNNING state, process has stayed up for > than 1 seconds (startsecs)
2018-02-03 21:49:59,994 INFO waiting for api_three, api_one, api_two, api_four to die
2018-02-03 21:49:59,995 INFO stopped: api_four (terminated by SIGTERM)
2018-02-03 21:49:59,996 INFO stopped: api_two (terminated by SIGTERM)
2018-02-03 21:49:59,997 INFO stopped: api_one (terminated by SIGTERM)
2018-02-03 21:49:59,998 INFO stopped: api_three (terminated by SIGTERM)
2018-02-03 21:50:12,369 INFO RPC interface 'supervisor' initialized
2018-02-03 21:50:12,369 CRIT Server 'inet_http_server' running without any HTTP authentication checking
2018-02-03 21:50:12,371 INFO daemonizing the supervisord process
2018-02-03 21:50:12,372 INFO supervisord started with pid 18982
2018-02-03 21:50:13,375 INFO spawned: 'api_three' with pid 18989
2018-02-03 21:50:13,377 INFO spawned: 'api_one' with pid 18990
2018-02-03 21:50:13,381 INFO spawned: 'api_two' with pid 18991
2018-02-03 21:50:13,391 INFO spawned: 'api_four' with pid 18992
2018-02-03 21:50:14,409 INFO success: api_three entered RUNNING state, process has stayed up for > than 1 seconds (startsecs)
2018-02-03 21:50:14,409 INFO success: api_one entered RUNNING state, process has stayed up for > than 1 seconds (startsecs)
2018-02-03 21:50:14,410 INFO success: api_two entered RUNNING state, process has stayed up for > than 1 seconds (startsecs)
2018-02-03 21:50:14,410 INFO success: api_four entered RUNNING state, process has stayed up for > than 1 seconds (startsecs)
2018-02-03 21:54:59,347 INFO waiting for api_three, api_one, api_two, api_four to die
2018-02-03 21:54:59,348 INFO stopped: api_four (terminated by SIGTERM)
2018-02-03 21:54:59,349 INFO stopped: api_two (terminated by SIGTERM)
2018-02-03 21:54:59,349 INFO stopped: api_one (terminated by SIGTERM)
2018-02-03 21:54:59,350 INFO stopped: api_three (terminated by SIGTERM)
2018-02-04 09:01:00,829 INFO RPC interface 'supervisor' initialized
2018-02-04 09:01:00,830 CRIT Server 'inet_http_server' running without any HTTP authentication checking
2018-02-04 09:01:00,831 INFO daemonizing the supervisord process
2018-02-04 09:01:00,833 INFO supervisord started with pid 23500
2018-02-04 09:01:01,835 INFO spawned: 'api_four' with pid 23506
2018-02-04 09:01:01,837 INFO spawned: 'api_huhu' with pid 23507
2018-02-04 09:01:01,840 INFO spawned: 'api_three' with pid 23508
2018-02-04 09:01:01,843 INFO spawned: 'api_one' with pid 23509
2018-02-04 09:01:01,847 INFO spawned: 'api_hehe' with pid 23511
2018-02-04 09:01:01,850 INFO spawned: 'api_two' with pid 23514
2018-02-04 09:01:02,862 INFO success: api_four entered RUNNING state, process has stayed up for > than 1 seconds (startsecs)
2018-02-04 09:01:02,862 INFO success: api_huhu entered RUNNING state, process has stayed up for > than 1 seconds (startsecs)
2018-02-04 09:01:02,863 INFO success: api_three entered RUNNING state, process has stayed up for > than 1 seconds (startsecs)
2018-02-04 09:01:02,864 INFO success: api_one entered RUNNING state, process has stayed up for > than 1 seconds (startsecs)
2018-02-04 09:01:02,864 INFO success: api_hehe entered RUNNING state, process has stayed up for > than 1 seconds (startsecs)
2018-02-04 09:01:02,864 INFO success: api_two entered RUNNING state, process has stayed up for > than 1 seconds (startsecs)
2018-02-04 09:01:06,267 INFO waiting for api_four, api_huhu, api_three, api_one, api_hehe, api_two to die
2018-02-04 09:01:06,267 INFO stopped: api_two (terminated by SIGTERM)
2018-02-04 09:01:06,268 INFO stopped: api_hehe (terminated by SIGTERM)
2018-02-04 09:01:06,269 INFO stopped: api_one (terminated by SIGTERM)
2018-02-04 09:01:06,270 INFO stopped: api_three (terminated by SIGTERM)
2018-02-04 09:01:06,271 INFO stopped: api_huhu (terminated by SIGTERM)
2018-02-04 09:01:06,272 INFO stopped: api_four (terminated by SIGTERM)
2018-02-04 09:01:29,862 INFO RPC interface 'supervisor' initialized
2018-02-04 09:01:29,863 CRIT Server 'inet_http_server' running without any HTTP authentication checking
2018-02-04 09:01:29,865 INFO daemonizing the supervisord process
2018-02-04 09:01:29,866 INFO supervisord started with pid 23542
2018-02-04 09:01:30,869 INFO spawned: 'api_four' with pid 23548
2018-02-04 09:01:30,871 INFO spawned: 'api_huhu' with pid 23549
2018-02-04 09:01:30,874 INFO spawned: 'api_three' with pid 23550
2018-02-04 09:01:30,877 INFO spawned: 'api_one' with pid 23551
2018-02-04 09:01:30,881 INFO spawned: 'api_hehe' with pid 23554
2018-02-04 09:01:30,885 INFO spawned: 'api_two' with pid 23556
2018-02-04 09:01:31,901 INFO success: api_four entered RUNNING state, process has stayed up for > than 1 seconds (startsecs)
2018-02-04 09:01:31,901 INFO success: api_huhu entered RUNNING state, process has stayed up for > than 1 seconds (startsecs)
2018-02-04 09:01:31,901 INFO success: api_three entered RUNNING state, process has stayed up for > than 1 seconds (startsecs)
2018-02-04 09:01:31,902 INFO success: api_one entered RUNNING state, process has stayed up for > than 1 seconds (startsecs)
2018-02-04 09:01:31,902 INFO success: api_hehe entered RUNNING state, process has stayed up for > than 1 seconds (startsecs)
2018-02-04 09:01:31,902 INFO success: api_two entered RUNNING state, process has stayed up for > than 1 seconds (startsecs)
2018-02-04 09:03:18,870 INFO waiting for api_four, api_huhu, api_three, api_one, api_hehe, api_two to die
2018-02-04 09:03:18,871 INFO stopped: api_two (terminated by SIGTERM)
2018-02-04 09:03:18,871 INFO stopped: api_hehe (terminated by SIGTERM)
2018-02-04 09:03:18,872 INFO stopped: api_one (terminated by SIGTERM)
2018-02-04 09:03:18,873 INFO stopped: api_three (terminated by SIGTERM)
2018-02-04 09:03:18,874 INFO stopped: api_huhu (terminated by SIGTERM)
2018-02-04 09:03:18,874 INFO stopped: api_four (terminated by SIGTERM)
2018-02-04 09:07:16,679 INFO RPC interface 'supervisor' initialized
2018-02-04 09:07:16,679 CRIT Server 'inet_http_server' running without any HTTP authentication checking
2018-02-04 09:07:16,681 INFO daemonizing the supervisord process
2018-02-04 09:07:16,682 INFO supervisord started with pid 23661
2018-02-04 09:07:17,686 INFO spawned: 'api_four' with pid 23669
2018-02-04 09:07:17,690 INFO spawned: 'api_huhu' with pid 23670
2018-02-04 09:07:17,693 INFO spawned: 'api_three' with pid 23671
2018-02-04 09:07:17,696 INFO spawned: 'api_one' with pid 23673
2018-02-04 09:07:17,700 INFO spawned: 'api_hehe' with pid 23674
2018-02-04 09:07:17,704 INFO spawned: 'api_two' with pid 23676
2018-02-04 09:07:18,718 INFO success: api_four entered RUNNING state, process has stayed up for > than 1 seconds (startsecs)
2018-02-04 09:07:18,718 INFO success: api_huhu entered RUNNING state, process has stayed up for > than 1 seconds (startsecs)
2018-02-04 09:07:18,719 INFO success: api_three entered RUNNING state, process has stayed up for > than 1 seconds (startsecs)
2018-02-04 09:07:18,719 INFO success: api_one entered RUNNING state, process has stayed up for > than 1 seconds (startsecs)
2018-02-04 09:07:18,719 INFO success: api_hehe entered RUNNING state, process has stayed up for > than 1 seconds (startsecs)
2018-02-04 09:07:18,719 INFO success: api_two entered RUNNING state, process has stayed up for > than 1 seconds (startsecs)
2018-02-04 10:11:36,283 INFO RPC interface 'supervisor' initialized
2018-02-04 10:11:36,283 CRIT Server 'inet_http_server' running without any HTTP authentication checking
2018-02-04 10:11:36,285 INFO daemonizing the supervisord process
2018-02-04 10:11:36,286 INFO supervisord started with pid 27150
2018-02-04 10:11:37,289 INFO spawned: 'api_three' with pid 27157
2018-02-04 10:11:37,292 INFO spawned: 'api_one' with pid 27158
2018-02-04 10:11:37,295 INFO spawned: 'api_two' with pid 27159
2018-02-04 10:11:37,298 INFO spawned: 'api_four' with pid 27160
2018-02-04 10:11:38,310 INFO success: api_three entered RUNNING state, process has stayed up for > than 1 seconds (startsecs)
2018-02-04 10:11:38,311 INFO success: api_one entered RUNNING state, process has stayed up for > than 1 seconds (startsecs)
2018-02-04 10:11:38,311 INFO success: api_two entered RUNNING state, process has stayed up for > than 1 seconds (startsecs)
2018-02-04 10:11:38,311 INFO success: api_four entered RUNNING state, process has stayed up for > than 1 seconds (startsecs)
2018-02-04 10:24:17,246 INFO waiting for api_three, api_one, api_two, api_four to die
2018-02-04 10:24:17,246 INFO stopped: api_four (terminated by SIGTERM)
2018-02-04 10:24:17,247 INFO stopped: api_two (terminated by SIGTERM)
2018-02-04 10:24:17,248 INFO stopped: api_one (terminated by SIGTERM)
2018-02-04 10:24:17,249 INFO stopped: api_three (terminated by SIGTERM)
